<?xml version="1.0" encoding="UTF-8"?>
<testsuite name="ru.tsystems.devschool.controller.MentorControllerTest" tests="2" skipped="2" failures="0" errors="0" timestamp="2023-08-24T19:30:07" hostname="T0016016fb" time="0.0">
  <properties/>
  <testcase name="shouldGetAllMentors" classname="ru.tsystems.devschool.controller.MentorControllerTest" time="0.0">
    <skipped/>
  </testcase>
  <testcase name="shouldCreateAndFindMentor" classname="ru.tsystems.devschool.controller.MentorControllerTest" time="0.0">
    <skipped/>
  </testcase>
  <system-out><![CDATA[22:30:07.892 [Test worker] DEBUG org.springframework.test.context.junit4.SpringJUnit4ClassRunner - SpringJUnit4ClassRunner constructor called with [class ru.tsystems.devschool.controller.MentorControllerTest]
22:30:07.892 [Test worker] DEBUG org.springframework.test.context.BootstrapUtils - Instantiating CacheAwareContextLoaderDelegate from class [org.springframework.test.context.cache.DefaultCacheAwareContextLoaderDelegate]
22:30:07.892 [Test worker] DEBUG org.springframework.test.context.BootstrapUtils - Instantiating BootstrapContext using constructor [public org.springframework.test.context.support.DefaultBootstrapContext(java.lang.Class,org.springframework.test.context.CacheAwareContextLoaderDelegate)]
22:30:07.892 [Test worker] DEBUG org.springframework.test.context.BootstrapUtils - Instantiating TestContextBootstrapper for test class [ru.tsystems.devschool.controller.MentorControllerTest] from class [org.springframework.boot.test.context.SpringBootTestContextBootstrapper]
22:30:07.893 [Test worker] INFO org.springframework.boot.test.context.SpringBootTestContextBootstrapper - Neither @ContextConfiguration nor @ContextHierarchy found for test class [ru.tsystems.devschool.controller.MentorControllerTest], using SpringBootContextLoader
22:30:07.893 [Test worker] DEBUG org.springframework.test.context.support.AbstractContextLoader - Did not detect default resource location for test class [ru.tsystems.devschool.controller.MentorControllerTest]: class path resource [ru/tsystems/devschool/controller/MentorControllerTest-context.xml] does not exist
22:30:07.893 [Test worker] DEBUG org.springframework.test.context.support.AbstractContextLoader - Did not detect default resource location for test class [ru.tsystems.devschool.controller.MentorControllerTest]: class path resource [ru/tsystems/devschool/controller/MentorControllerTestContext.groovy] does not exist
22:30:07.893 [Test worker] INFO org.springframework.test.context.support.AbstractContextLoader - Could not detect default resource locations for test class [ru.tsystems.devschool.controller.MentorControllerTest]: no resource found for suffixes {-context.xml, Context.groovy}.
22:30:07.893 [Test worker] INFO org.springframework.test.context.support.AnnotationConfigContextLoaderUtils - Could not detect default configuration classes for test class [ru.tsystems.devschool.controller.MentorControllerTest]: MentorControllerTest does not declare any static, non-private, non-final, nested classes annotated with @Configuration.
22:30:07.895 [Test worker] DEBUG org.springframework.test.context.support.ActiveProfilesUtils - Could not find an 'annotation declaring class' for annotation type [org.springframework.test.context.ActiveProfiles] and class [ru.tsystems.devschool.controller.MentorControllerTest]
22:30:07.895 [Test worker] INFO org.springframework.boot.test.context.SpringBootTestContextBootstrapper - Found @SpringBootConfiguration ru.tsystems.devschool.DevSchoolApplication for test class ru.tsystems.devschool.controller.MentorControllerTest
22:30:07.896 [Test worker] DEBUG org.springframework.boot.test.context.SpringBootTestContextBootstrapper - @TestExecutionListeners is not present for class [ru.tsystems.devschool.controller.MentorControllerTest]: using defaults.
22:30:07.896 [Test worker] INFO org.springframework.boot.test.context.SpringBootTestContextBootstrapper - Loaded default TestExecutionListener class names from location [META-INF/spring.factories]: [org.springframework.boot.test.autoconfigure.restdocs.RestDocsTestExecutionListener, org.springframework.boot.test.autoconfigure.web.client.MockRestServiceServerResetTestExecutionListener, org.springframework.boot.test.autoconfigure.web.servlet.MockMvcPrintOnlyOnFailureTestExecutionListener, org.springframework.boot.test.autoconfigure.web.servlet.WebDriverTestExecutionListener, org.springframework.boot.test.autoconfigure.webservices.client.MockWebServiceServerTestExecutionListener, org.springframework.boot.test.mock.mockito.MockitoTestExecutionListener, org.springframework.boot.test.mock.mockito.ResetMocksTestExecutionListener, org.springframework.test.context.web.ServletTestExecutionListener, org.springframework.test.context.support.DirtiesContextBeforeModesTestExecutionListener, org.springframework.test.context.support.DependencyInjectionTestExecutionListener, org.springframework.test.context.support.DirtiesContextTestExecutionListener, org.springframework.test.context.transaction.TransactionalTestExecutionListener, org.springframework.test.context.jdbc.SqlScriptsTestExecutionListener, org.springframework.test.context.event.EventPublishingTestExecutionListener]
22:30:07.896 [Test worker] INFO org.springframework.boot.test.context.SpringBootTestContextBootstrapper - Using TestExecutionListeners: [org.springframework.test.context.web.ServletTestExecutionListener@4277e4bf, org.springframework.test.context.support.DirtiesContextBeforeModesTestExecutionListener@68c362b8, org.springframework.boot.test.mock.mockito.MockitoTestExecutionListener@3b303d9d, org.springframework.boot.test.autoconfigure.SpringBootDependencyInjectionTestExecutionListener@4fa76be7, org.springframework.test.context.support.DirtiesContextTestExecutionListener@32882cb0, org.springframework.test.context.transaction.TransactionalTestExecutionListener@41ad5efb, org.springframework.test.context.jdbc.SqlScriptsTestExecutionListener@7b4b4f86, org.springframework.test.context.event.EventPublishingTestExecutionListener@fc7fb5b, org.springframework.boot.test.autoconfigure.restdocs.RestDocsTestExecutionListener@7c59abbf, org.springframework.boot.test.autoconfigure.web.client.MockRestServiceServerResetTestExecutionListener@57a86849, org.springframework.boot.test.autoconfigure.web.servlet.MockMvcPrintOnlyOnFailureTestExecutionListener@763e2a45, org.springframework.boot.test.autoconfigure.web.servlet.WebDriverTestExecutionListener@46930afa, org.springframework.boot.test.autoconfigure.webservices.client.MockWebServiceServerTestExecutionListener@77a655c4, org.springframework.boot.test.mock.mockito.ResetMocksTestExecutionListener@63589159]
22:30:07.896 [Test worker] DEBUG org.springframework.test.annotation.ProfileValueUtils - Retrieved @ProfileValueSourceConfiguration [null] for test class [ru.tsystems.devschool.controller.MentorControllerTest]
22:30:07.897 [Test worker] DEBUG org.springframework.test.annotation.ProfileValueUtils - Retrieved ProfileValueSource type [class org.springframework.test.annotation.SystemProfileValueSource] for class [ru.tsystems.devschool.controller.MentorControllerTest]
22:30:07.897 [Test worker] DEBUG org.springframework.test.annotation.ProfileValueUtils - Retrieved @ProfileValueSourceConfiguration [null] for test class [ru.tsystems.devschool.controller.MentorControllerTest]
22:30:07.897 [Test worker] DEBUG org.springframework.test.annotation.ProfileValueUtils - Retrieved ProfileValueSource type [class org.springframework.test.annotation.SystemProfileValueSource] for class [ru.tsystems.devschool.controller.MentorControllerTest]
22:30:07.897 [Test worker] DEBUG org.springframework.test.annotation.ProfileValueUtils - Retrieved @ProfileValueSourceConfiguration [null] for test class [ru.tsystems.devschool.controller.MentorControllerTest]
22:30:07.897 [Test worker] DEBUG org.springframework.test.annotation.ProfileValueUtils - Retrieved ProfileValueSource type [class org.springframework.test.annotation.SystemProfileValueSource] for class [ru.tsystems.devschool.controller.MentorControllerTest]
22:30:07.897 [Test worker] DEBUG org.springframework.test.annotation.ProfileValueUtils - Retrieved @ProfileValueSourceConfiguration [null] for test class [ru.tsystems.devschool.controller.MentorControllerTest]
22:30:07.897 [Test worker] DEBUG org.springframework.test.annotation.ProfileValueUtils - Retrieved ProfileValueSource type [class org.springframework.test.annotation.SystemProfileValueSource] for class [ru.tsystems.devschool.controller.MentorControllerTest]
]]></system-out>
  <system-err><![CDATA[]]></system-err>
</testsuite>
