<?xml version="1.0" encoding="UTF-8"?>
<testsuite name="ru.tsystems.devschool.controller.SchoolControllerTest" tests="2" skipped="2" failures="0" errors="0" timestamp="2023-08-24T19:30:07" hostname="T0016016fb" time="0.0">
  <properties/>
  <testcase name="shouldCreateAndFindSchool" classname="ru.tsystems.devschool.controller.SchoolControllerTest" time="0.0">
    <skipped/>
  </testcase>
  <testcase name="shouldGetAllSchools" classname="ru.tsystems.devschool.controller.SchoolControllerTest" time="0.0">
    <skipped/>
  </testcase>
  <system-out><![CDATA[22:30:07.898 [Test worker] DEBUG org.springframework.test.context.junit4.SpringJUnit4ClassRunner - SpringJUnit4ClassRunner constructor called with [class ru.tsystems.devschool.controller.SchoolControllerTest]
22:30:07.899 [Test worker] DEBUG org.springframework.test.context.BootstrapUtils - Instantiating CacheAwareContextLoaderDelegate from class [org.springframework.test.context.cache.DefaultCacheAwareContextLoaderDelegate]
22:30:07.899 [Test worker] DEBUG org.springframework.test.context.BootstrapUtils - Instantiating BootstrapContext using constructor [public org.springframework.test.context.support.DefaultBootstrapContext(java.lang.Class,org.springframework.test.context.CacheAwareContextLoaderDelegate)]
22:30:07.899 [Test worker] DEBUG org.springframework.test.context.BootstrapUtils - Instantiating TestContextBootstrapper for test class [ru.tsystems.devschool.controller.SchoolControllerTest] from class [org.springframework.boot.test.context.SpringBootTestContextBootstrapper]
22:30:07.899 [Test worker] INFO org.springframework.boot.test.context.SpringBootTestContextBootstrapper - Neither @ContextConfiguration nor @ContextHierarchy found for test class [ru.tsystems.devschool.controller.SchoolControllerTest], using SpringBootContextLoader
22:30:07.900 [Test worker] DEBUG org.springframework.test.context.support.AbstractContextLoader - Did not detect default resource location for test class [ru.tsystems.devschool.controller.SchoolControllerTest]: class path resource [ru/tsystems/devschool/controller/SchoolControllerTest-context.xml] does not exist
22:30:07.900 [Test worker] DEBUG org.springframework.test.context.support.AbstractContextLoader - Did not detect default resource location for test class [ru.tsystems.devschool.controller.SchoolControllerTest]: class path resource [ru/tsystems/devschool/controller/SchoolControllerTestContext.groovy] does not exist
22:30:07.900 [Test worker] INFO org.springframework.test.context.support.AbstractContextLoader - Could not detect default resource locations for test class [ru.tsystems.devschool.controller.SchoolControllerTest]: no resource found for suffixes {-context.xml, Context.groovy}.
22:30:07.900 [Test worker] INFO org.springframework.test.context.support.AnnotationConfigContextLoaderUtils - Could not detect default configuration classes for test class [ru.tsystems.devschool.controller.SchoolControllerTest]: SchoolControllerTest does not declare any static, non-private, non-final, nested classes annotated with @Configuration.
22:30:07.901 [Test worker] DEBUG org.springframework.test.context.support.ActiveProfilesUtils - Could not find an 'annotation declaring class' for annotation type [org.springframework.test.context.ActiveProfiles] and class [ru.tsystems.devschool.controller.SchoolControllerTest]
22:30:07.901 [Test worker] INFO org.springframework.boot.test.context.SpringBootTestContextBootstrapper - Found @SpringBootConfiguration ru.tsystems.devschool.DevSchoolApplication for test class ru.tsystems.devschool.controller.SchoolControllerTest
22:30:07.903 [Test worker] DEBUG org.springframework.boot.test.context.SpringBootTestContextBootstrapper - @TestExecutionListeners is not present for class [ru.tsystems.devschool.controller.SchoolControllerTest]: using defaults.
22:30:07.903 [Test worker] INFO org.springframework.boot.test.context.SpringBootTestContextBootstrapper - Loaded default TestExecutionListener class names from location [META-INF/spring.factories]: [org.springframework.boot.test.autoconfigure.restdocs.RestDocsTestExecutionListener, org.springframework.boot.test.autoconfigure.web.client.MockRestServiceServerResetTestExecutionListener, org.springframework.boot.test.autoconfigure.web.servlet.MockMvcPrintOnlyOnFailureTestExecutionListener, org.springframework.boot.test.autoconfigure.web.servlet.WebDriverTestExecutionListener, org.springframework.boot.test.autoconfigure.webservices.client.MockWebServiceServerTestExecutionListener, org.springframework.boot.test.mock.mockito.MockitoTestExecutionListener, org.springframework.boot.test.mock.mockito.ResetMocksTestExecutionListener, org.springframework.test.context.web.ServletTestExecutionListener, org.springframework.test.context.support.DirtiesContextBeforeModesTestExecutionListener, org.springframework.test.context.support.DependencyInjectionTestExecutionListener, org.springframework.test.context.support.DirtiesContextTestExecutionListener, org.springframework.test.context.transaction.TransactionalTestExecutionListener, org.springframework.test.context.jdbc.SqlScriptsTestExecutionListener, org.springframework.test.context.event.EventPublishingTestExecutionListener]
22:30:07.903 [Test worker] INFO org.springframework.boot.test.context.SpringBootTestContextBootstrapper - Using TestExecutionListeners: [org.springframework.test.context.web.ServletTestExecutionListener@58111fcb, org.springframework.test.context.support.DirtiesContextBeforeModesTestExecutionListener@2342e7e7, org.springframework.boot.test.mock.mockito.MockitoTestExecutionListener@5690ad25, org.springframework.boot.test.autoconfigure.SpringBootDependencyInjectionTestExecutionListener@d762963, org.springframework.test.context.support.DirtiesContextTestExecutionListener@5d499041, org.springframework.test.context.transaction.TransactionalTestExecutionListener@698039d0, org.springframework.test.context.jdbc.SqlScriptsTestExecutionListener@3aaa5840, org.springframework.test.context.event.EventPublishingTestExecutionListener@6ab5347, org.springframework.boot.test.autoconfigure.restdocs.RestDocsTestExecutionListener@1771004b, org.springframework.boot.test.autoconfigure.web.client.MockRestServiceServerResetTestExecutionListener@7fd7f5cc, org.springframework.boot.test.autoconfigure.web.servlet.MockMvcPrintOnlyOnFailureTestExecutionListener@17d7da2e, org.springframework.boot.test.autoconfigure.web.servlet.WebDriverTestExecutionListener@4bba92f8, org.springframework.boot.test.autoconfigure.webservices.client.MockWebServiceServerTestExecutionListener@5456a09c, org.springframework.boot.test.mock.mockito.ResetMocksTestExecutionListener@146f464f]
22:30:07.903 [Test worker] DEBUG org.springframework.test.annotation.ProfileValueUtils - Retrieved @ProfileValueSourceConfiguration [null] for test class [ru.tsystems.devschool.controller.SchoolControllerTest]
22:30:07.903 [Test worker] DEBUG org.springframework.test.annotation.ProfileValueUtils - Retrieved ProfileValueSource type [class org.springframework.test.annotation.SystemProfileValueSource] for class [ru.tsystems.devschool.controller.SchoolControllerTest]
22:30:07.904 [Test worker] DEBUG org.springframework.test.annotation.ProfileValueUtils - Retrieved @ProfileValueSourceConfiguration [null] for test class [ru.tsystems.devschool.controller.SchoolControllerTest]
22:30:07.904 [Test worker] DEBUG org.springframework.test.annotation.ProfileValueUtils - Retrieved ProfileValueSource type [class org.springframework.test.annotation.SystemProfileValueSource] for class [ru.tsystems.devschool.controller.SchoolControllerTest]
22:30:07.904 [Test worker] DEBUG org.springframework.test.annotation.ProfileValueUtils - Retrieved @ProfileValueSourceConfiguration [null] for test class [ru.tsystems.devschool.controller.SchoolControllerTest]
22:30:07.904 [Test worker] DEBUG org.springframework.test.annotation.ProfileValueUtils - Retrieved ProfileValueSource type [class org.springframework.test.annotation.SystemProfileValueSource] for class [ru.tsystems.devschool.controller.SchoolControllerTest]
22:30:07.904 [Test worker] DEBUG org.springframework.test.annotation.ProfileValueUtils - Retrieved @ProfileValueSourceConfiguration [null] for test class [ru.tsystems.devschool.controller.SchoolControllerTest]
22:30:07.904 [Test worker] DEBUG org.springframework.test.annotation.ProfileValueUtils - Retrieved ProfileValueSource type [class org.springframework.test.annotation.SystemProfileValueSource] for class [ru.tsystems.devschool.controller.SchoolControllerTest]
]]></system-out>
  <system-err><![CDATA[]]></system-err>
</testsuite>
