<?xml version="1.0" encoding="UTF-8"?>
<testsuite name="ru.tsystems.devschool.controller.CourseControllerTest" tests="2" skipped="2" failures="0" errors="0" timestamp="2023-08-24T19:30:07" hostname="T0016016fb" time="0.001">
  <properties/>
  <testcase name="shouldCreateAndFindCourse" classname="ru.tsystems.devschool.controller.CourseControllerTest" time="0.0">
    <skipped/>
  </testcase>
  <testcase name="shouldGetAllCourses" classname="ru.tsystems.devschool.controller.CourseControllerTest" time="0.001">
    <skipped/>
  </testcase>
  <system-out><![CDATA[22:30:07.722 [Test worker] DEBUG org.springframework.test.context.junit4.SpringJUnit4ClassRunner - SpringJUnit4ClassRunner constructor called with [class ru.tsystems.devschool.controller.CourseControllerTest]
22:30:07.725 [Test worker] DEBUG org.springframework.test.context.BootstrapUtils - Instantiating CacheAwareContextLoaderDelegate from class [org.springframework.test.context.cache.DefaultCacheAwareContextLoaderDelegate]
22:30:07.729 [Test worker] DEBUG org.springframework.test.context.BootstrapUtils - Instantiating BootstrapContext using constructor [public org.springframework.test.context.support.DefaultBootstrapContext(java.lang.Class,org.springframework.test.context.CacheAwareContextLoaderDelegate)]
22:30:07.749 [Test worker] DEBUG org.springframework.test.context.BootstrapUtils - Instantiating TestContextBootstrapper for test class [ru.tsystems.devschool.controller.CourseControllerTest] from class [org.springframework.boot.test.context.SpringBootTestContextBootstrapper]
22:30:07.757 [Test worker] INFO org.springframework.boot.test.context.SpringBootTestContextBootstrapper - Neither @ContextConfiguration nor @ContextHierarchy found for test class [ru.tsystems.devschool.controller.CourseControllerTest], using SpringBootContextLoader
22:30:07.759 [Test worker] DEBUG org.springframework.test.context.support.AbstractContextLoader - Did not detect default resource location for test class [ru.tsystems.devschool.controller.CourseControllerTest]: class path resource [ru/tsystems/devschool/controller/CourseControllerTest-context.xml] does not exist
22:30:07.760 [Test worker] DEBUG org.springframework.test.context.support.AbstractContextLoader - Did not detect default resource location for test class [ru.tsystems.devschool.controller.CourseControllerTest]: class path resource [ru/tsystems/devschool/controller/CourseControllerTestContext.groovy] does not exist
22:30:07.760 [Test worker] INFO org.springframework.test.context.support.AbstractContextLoader - Could not detect default resource locations for test class [ru.tsystems.devschool.controller.CourseControllerTest]: no resource found for suffixes {-context.xml, Context.groovy}.
22:30:07.760 [Test worker] INFO org.springframework.test.context.support.AnnotationConfigContextLoaderUtils - Could not detect default configuration classes for test class [ru.tsystems.devschool.controller.CourseControllerTest]: CourseControllerTest does not declare any static, non-private, non-final, nested classes annotated with @Configuration.
22:30:07.784 [Test worker] DEBUG org.springframework.test.context.support.ActiveProfilesUtils - Could not find an 'annotation declaring class' for annotation type [org.springframework.test.context.ActiveProfiles] and class [ru.tsystems.devschool.controller.CourseControllerTest]
22:30:07.822 [Test worker] DEBUG org.springframework.context.annotation.ClassPathScanningCandidateComponentProvider - Identified candidate component class: file [/Users/nikolai/Documents/GitHub/course-project-nikolai/backend/build/classes/java/main/ru/tsystems/devschool/DevSchoolApplication.class]
22:30:07.822 [Test worker] INFO org.springframework.boot.test.context.SpringBootTestContextBootstrapper - Found @SpringBootConfiguration ru.tsystems.devschool.DevSchoolApplication for test class ru.tsystems.devschool.controller.CourseControllerTest
22:30:07.878 [Test worker] DEBUG org.springframework.boot.test.context.SpringBootTestContextBootstrapper - @TestExecutionListeners is not present for class [ru.tsystems.devschool.controller.CourseControllerTest]: using defaults.
22:30:07.878 [Test worker] INFO org.springframework.boot.test.context.SpringBootTestContextBootstrapper - Loaded default TestExecutionListener class names from location [META-INF/spring.factories]: [org.springframework.boot.test.autoconfigure.restdocs.RestDocsTestExecutionListener, org.springframework.boot.test.autoconfigure.web.client.MockRestServiceServerResetTestExecutionListener, org.springframework.boot.test.autoconfigure.web.servlet.MockMvcPrintOnlyOnFailureTestExecutionListener, org.springframework.boot.test.autoconfigure.web.servlet.WebDriverTestExecutionListener, org.springframework.boot.test.autoconfigure.webservices.client.MockWebServiceServerTestExecutionListener, org.springframework.boot.test.mock.mockito.MockitoTestExecutionListener, org.springframework.boot.test.mock.mockito.ResetMocksTestExecutionListener, org.springframework.test.context.web.ServletTestExecutionListener, org.springframework.test.context.support.DirtiesContextBeforeModesTestExecutionListener, org.springframework.test.context.support.DependencyInjectionTestExecutionListener, org.springframework.test.context.support.DirtiesContextTestExecutionListener, org.springframework.test.context.transaction.TransactionalTestExecutionListener, org.springframework.test.context.jdbc.SqlScriptsTestExecutionListener, org.springframework.test.context.event.EventPublishingTestExecutionListener]
22:30:07.886 [Test worker] INFO org.springframework.boot.test.context.SpringBootTestContextBootstrapper - Using TestExecutionListeners: [org.springframework.test.context.web.ServletTestExecutionListener@739f1d59, org.springframework.test.context.support.DirtiesContextBeforeModesTestExecutionListener@303e67bd, org.springframework.boot.test.mock.mockito.MockitoTestExecutionListener@5af62a66, org.springframework.boot.test.autoconfigure.SpringBootDependencyInjectionTestExecutionListener@24edb5e3, org.springframework.test.context.support.DirtiesContextTestExecutionListener@2f9311f2, org.springframework.test.context.transaction.TransactionalTestExecutionListener@6c539832, org.springframework.test.context.jdbc.SqlScriptsTestExecutionListener@79d3ac4, org.springframework.test.context.event.EventPublishingTestExecutionListener@4e96c579, org.springframework.boot.test.autoconfigure.restdocs.RestDocsTestExecutionListener@793d41d8, org.springframework.boot.test.autoconfigure.web.client.MockRestServiceServerResetTestExecutionListener@9dfd4c5, org.springframework.boot.test.autoconfigure.web.servlet.MockMvcPrintOnlyOnFailureTestExecutionListener@67fa8420, org.springframework.boot.test.autoconfigure.web.servlet.WebDriverTestExecutionListener@1f3f38ab, org.springframework.boot.test.autoconfigure.webservices.client.MockWebServiceServerTestExecutionListener@c9f8915, org.springframework.boot.test.mock.mockito.ResetMocksTestExecutionListener@7b111dbf]
22:30:07.887 [Test worker] DEBUG org.springframework.test.annotation.ProfileValueUtils - Retrieved @ProfileValueSourceConfiguration [null] for test class [ru.tsystems.devschool.controller.CourseControllerTest]
22:30:07.888 [Test worker] DEBUG org.springframework.test.annotation.ProfileValueUtils - Retrieved ProfileValueSource type [class org.springframework.test.annotation.SystemProfileValueSource] for class [ru.tsystems.devschool.controller.CourseControllerTest]
22:30:07.888 [Test worker] DEBUG org.springframework.test.annotation.ProfileValueUtils - Retrieved @ProfileValueSourceConfiguration [null] for test class [ru.tsystems.devschool.controller.CourseControllerTest]
22:30:07.889 [Test worker] DEBUG org.springframework.test.annotation.ProfileValueUtils - Retrieved ProfileValueSource type [class org.springframework.test.annotation.SystemProfileValueSource] for class [ru.tsystems.devschool.controller.CourseControllerTest]
22:30:07.889 [Test worker] DEBUG org.springframework.test.annotation.ProfileValueUtils - Retrieved @ProfileValueSourceConfiguration [null] for test class [ru.tsystems.devschool.controller.CourseControllerTest]
22:30:07.889 [Test worker] DEBUG org.springframework.test.annotation.ProfileValueUtils - Retrieved ProfileValueSource type [class org.springframework.test.annotation.SystemProfileValueSource] for class [ru.tsystems.devschool.controller.CourseControllerTest]
22:30:07.889 [Test worker] DEBUG org.springframework.test.annotation.ProfileValueUtils - Retrieved @ProfileValueSourceConfiguration [null] for test class [ru.tsystems.devschool.controller.CourseControllerTest]
22:30:07.889 [Test worker] DEBUG org.springframework.test.annotation.ProfileValueUtils - Retrieved ProfileValueSource type [class org.springframework.test.annotation.SystemProfileValueSource] for class [ru.tsystems.devschool.controller.CourseControllerTest]
]]></system-out>
  <system-err><![CDATA[]]></system-err>
</testsuite>
